
Showing logs for build [32mcb-kubecd-environment-pr-192-18-rhzdr-1[0m stage [32mfrom-build-pack[0m and container [32mstep-credential-initializer-9fjbt[0m
{"level":"warn","ts":1585697540.474086,"logger":"fallback-logger","caller":"logging/config.go:69","msg":"Fetch GitHub commit ID from kodata failed: \"ref: refs/heads/0.8.0-**-support-backwards-incompats\" is not a valid GitHub commit ID"}
{"level":"info","ts":1585697540.474671,"logger":"fallback-logger","caller":"creds-init/main.go:40","msg":"Credentials initialized."}

Showing logs for build [32mcb-kubecd-environment-pr-192-18-rhzdr-1[0m stage [32mfrom-build-pack[0m and container [32mstep-working-dir-initializer-89jcx[0m
{"level":"warn","ts":1585697541.8687677,"logger":"fallback-logger","caller":"logging/config.go:69","msg":"Fetch GitHub commit ID from kodata failed: open /var/run/ko/HEAD: no such file or directory"}
{"level":"info","ts":1585697541.871632,"logger":"fallback-logger","caller":"bash/main.go:64","msg":"Successfully executed command \"sh -c mkdir -p /workspace/source\"; output "}

Showing logs for build [32mcb-kubecd-environment-pr-192-18-rhzdr-1[0m stage [32mfrom-build-pack[0m and container [32mstep-place-tools[0m

Showing logs for build [32mcb-kubecd-environment-pr-192-18-rhzdr-1[0m stage [32mfrom-build-pack[0m and container [32mstep-git-source-cb-kubecd-environment-pr-192-18-rhzdr-fg85q[0m
{"level":"warn","ts":1585697547.6400714,"logger":"fallback-logger","caller":"logging/config.go:69","msg":"Fetch GitHub commit ID from kodata failed: \"ref: refs/heads/0.8.0-**-support-backwards-incompats\" is not a valid GitHub commit ID"}
{"level":"info","ts":1585697548.8535101,"logger":"fallback-logger","caller":"git/git.go:103","msg":"Successfully cloned https://github.com/cb-kubecd/environment-pr-192-18-boot-vault-gke-staging.git @ master in path /workspace/source"}

Showing logs for build [32mcb-kubecd-environment-pr-192-18-rhzdr-1[0m stage [32mfrom-build-pack[0m and container [32mstep-git-merge[0m
Using SHAs from PULL_REFS=master:fecc0b8d113929983a9a2ee679b5c19aba97ac0c,4:7f2fffcc1da4fb3f6af63626ee7b398ca247edd3
DEBUG: LC_ALL=C JX_LOG_LEVEL=error git fetch origin --unshallow 7f2fffcc1da4fb3f6af63626ee7b398ca247edd3: fecc0b8d113929983a9a2ee679b5c19aba97ac0c:
DEBUG: ran git fetch --unshallow origin 7f2fffcc1da4fb3f6af63626ee7b398ca247edd3: fecc0b8d113929983a9a2ee679b5c19aba97ac0c: in 
DEBUG: LC_ALL=C JX_LOG_LEVEL=error git branch
DEBUG: LC_ALL=C JX_LOG_LEVEL=error git checkout master
DEBUG: ran git checkout master in 
DEBUG: LC_ALL=C JX_LOG_LEVEL=error git reset --hard fecc0b8d113929983a9a2ee679b5c19aba97ac0c
DEBUG: ran git reset --hard fecc0b8d113929983a9a2ee679b5c19aba97ac0c in 
DEBUG: LC_ALL=C JX_LOG_LEVEL=error git clean -fd .
DEBUG: ran clean --force -d . in 
DEBUG: LC_ALL=C JX_LOG_LEVEL=error git merge 7f2fffcc1da4fb3f6af63626ee7b398ca247edd3
DEBUG: ran git merge 7f2fffcc1da4fb3f6af63626ee7b398ca247edd3 in 
DEBUG: LC_ALL=C JX_LOG_LEVEL=error git log --format=%H%x1f%an%x1f%ae%x1f%cn%x1f%ce%x1f%s%n%b%x1e fecc0b8d113929983a9a2ee679b5c19aba97ac0c..HEAD
Merged SHA 7f2fffcc1da4fb3f6af63626ee7b398ca247edd3 with commit message 'chore: Promote bdd-nh-1585695526 to version 0.0.1' into base branch master

Showing logs for build [32mcb-kubecd-environment-pr-192-18-rhzdr-1[0m stage [32mfrom-build-pack[0m and container [32mstep-build-helm-build[0m
WARNING: No $CHART_REPOSITORY defined so using the default value of: http://jenkins-x-chartmuseum:8080
Adding missing Helm repo: storage.googleapis.com https://storage.googleapis.com/chartmuseum.jenkins-x.io
WARNING: No secrets found on "helm/repos" due: reading the secret "helm/repos" from vault: no secret "helm/repos" not found in vault
Read credentials for https://storage.googleapis.com/chartmuseum.jenkins-x.io from vault helm/repos
Successfully added Helm repository storage.googleapis.com.
Adding missing Helm repo: jenkins-x-chartmuseum http://jenkins-x-chartmuseum:8080
WARNING: No secrets found on "helm/repos" due: reading the secret "helm/repos" from vault: no secret "helm/repos" not found in vault
Read credentials for http://jenkins-x-chartmuseum:8080 from vault helm/repos
Successfully added Helm repository jenkins-x-chartmuseum.
WARNING: No $CHART_REPOSITORY defined so using the default value of: http://jenkins-x-chartmuseum:8080
Adding missing Helm repo: chartmuseum.jenkins-x.io http://chartmuseum.jenkins-x.io
WARNING: No secrets found on "helm/repos" due: reading the secret "helm/repos" from vault: no secret "helm/repos" not found in vault
Read credentials for http://chartmuseum.jenkins-x.io from vault helm/repos
Successfully added Helm repository chartmuseum.jenkins-x.io.
