
Showing logs for build [32mcb-kubecd-environment-pr-192-18-mlk64-1[0m stage [32mfrom-build-pack[0m and container [32mstep-credential-initializer-2hbc6[0m
{"level":"warn","ts":1585696627.0779438,"logger":"fallback-logger","caller":"logging/config.go:69","msg":"Fetch GitHub commit ID from kodata failed: \"ref: refs/heads/0.8.0-**-support-backwards-incompats\" is not a valid GitHub commit ID"}
{"level":"info","ts":1585696627.10792,"logger":"fallback-logger","caller":"creds-init/main.go:40","msg":"Credentials initialized."}

Showing logs for build [32mcb-kubecd-environment-pr-192-18-mlk64-1[0m stage [32mfrom-build-pack[0m and container [32mstep-working-dir-initializer-dn9jw[0m
{"level":"warn","ts":1585696628.022712,"logger":"fallback-logger","caller":"logging/config.go:69","msg":"Fetch GitHub commit ID from kodata failed: open /var/run/ko/HEAD: no such file or directory"}
{"level":"info","ts":1585696628.0237598,"logger":"fallback-logger","caller":"bash/main.go:64","msg":"Successfully executed command \"sh -c mkdir -p /workspace/source\"; output "}

Showing logs for build [32mcb-kubecd-environment-pr-192-18-mlk64-1[0m stage [32mfrom-build-pack[0m and container [32mstep-place-tools[0m

Showing logs for build [32mcb-kubecd-environment-pr-192-18-mlk64-1[0m stage [32mfrom-build-pack[0m and container [32mstep-git-source-cb-kubecd-environment-pr-192-18-mlk64-ks8sl[0m
{"level":"warn","ts":1585696632.1076827,"logger":"fallback-logger","caller":"logging/config.go:69","msg":"Fetch GitHub commit ID from kodata failed: \"ref: refs/heads/0.8.0-**-support-backwards-incompats\" is not a valid GitHub commit ID"}
{"level":"info","ts":1585696633.1662927,"logger":"fallback-logger","caller":"git/git.go:103","msg":"Successfully cloned https://github.com/cb-kubecd/environment-pr-192-18-boot-vault-gke-staging.git @ master in path /workspace/source"}

Showing logs for build [32mcb-kubecd-environment-pr-192-18-mlk64-1[0m stage [32mfrom-build-pack[0m and container [32mstep-git-merge[0m
Using SHAs from PULL_REFS=master:0929879dd984c5b381e7d7bbdb7ddf8f2a577216,3:515c9d976d4bb8b99942049fdcce8c74d0f67792
DEBUG: LC_ALL=C JX_LOG_LEVEL=error git fetch origin --unshallow 515c9d976d4bb8b99942049fdcce8c74d0f67792: 0929879dd984c5b381e7d7bbdb7ddf8f2a577216:
DEBUG: ran git fetch --unshallow origin 515c9d976d4bb8b99942049fdcce8c74d0f67792: 0929879dd984c5b381e7d7bbdb7ddf8f2a577216: in 
DEBUG: JX_LOG_LEVEL=error LC_ALL=C git branch
DEBUG: JX_LOG_LEVEL=error LC_ALL=C git checkout master
DEBUG: ran git checkout master in 
DEBUG: LC_ALL=C JX_LOG_LEVEL=error git reset --hard 0929879dd984c5b381e7d7bbdb7ddf8f2a577216
DEBUG: ran git reset --hard 0929879dd984c5b381e7d7bbdb7ddf8f2a577216 in 
DEBUG: LC_ALL=C JX_LOG_LEVEL=error git clean -fd .
DEBUG: ran clean --force -d . in 
DEBUG: JX_LOG_LEVEL=error LC_ALL=C git merge 515c9d976d4bb8b99942049fdcce8c74d0f67792
DEBUG: ran git merge 515c9d976d4bb8b99942049fdcce8c74d0f67792 in 
DEBUG: LC_ALL=C JX_LOG_LEVEL=error git log --format=%H%x1f%an%x1f%ae%x1f%cn%x1f%ce%x1f%s%n%b%x1e 0929879dd984c5b381e7d7bbdb7ddf8f2a577216..HEAD
Merged SHA 515c9d976d4bb8b99942049fdcce8c74d0f67792 with commit message 'chore: Promote bdd-sbhg-1585695526 to version 0.0.1' into base branch master

Showing logs for build [32mcb-kubecd-environment-pr-192-18-mlk64-1[0m stage [32mfrom-build-pack[0m and container [32mstep-build-helm-build[0m
WARNING: No $CHART_REPOSITORY defined so using the default value of: http://jenkins-x-chartmuseum:8080
Adding missing Helm repo: storage.googleapis.com https://storage.googleapis.com/chartmuseum.jenkins-x.io
WARNING: No secrets found on "helm/repos" due: reading the secret "helm/repos" from vault: no secret "helm/repos" not found in vault
Read credentials for https://storage.googleapis.com/chartmuseum.jenkins-x.io from vault helm/repos
Successfully added Helm repository storage.googleapis.com.
Adding missing Helm repo: jenkins-x-chartmuseum http://jenkins-x-chartmuseum:8080
WARNING: No secrets found on "helm/repos" due: reading the secret "helm/repos" from vault: no secret "helm/repos" not found in vault
Read credentials for http://jenkins-x-chartmuseum:8080 from vault helm/repos
Successfully added Helm repository jenkins-x-chartmuseum.
WARNING: No $CHART_REPOSITORY defined so using the default value of: http://jenkins-x-chartmuseum:8080
Adding missing Helm repo: chartmuseum.jenkins-x.io http://chartmuseum.jenkins-x.io
WARNING: No secrets found on "helm/repos" due: reading the secret "helm/repos" from vault: no secret "helm/repos" not found in vault
Read credentials for http://chartmuseum.jenkins-x.io from vault helm/repos
Successfully added Helm repository chartmuseum.jenkins-x.io.
